2025-12-02 15:04:09 [error]: Prisma connection error: [1;91merror[0m: [1mError validating datasource `db`: the URL must start with the protocol `mongo`.[0m
  [1;94m-->[0m  [4mschema.prisma:7[0m
[1;94m   | [0m
[1;94m 6 | [0m  provider = "mongodb"
[1;94m 7 | [0m  url      = [1;91menv("DATABASE_URL")[0m
[1;94m   | [0m

Validation Error Count: 1
PrismaClientInitializationError: [1;91merror[0m: [1mError validating datasource `db`: the URL must start with the protocol `mongo`.[0m
  [1;94m-->[0m  [4mschema.prisma:7[0m
[1;94m   | [0m
[1;94m 6 | [0m  provider = "mongodb"
[1;94m 7 | [0m  url      = [1;91menv("DATABASE_URL")[0m
[1;94m   | [0m

Validation Error Count: 1
    at r (/Users/kunnikar/Desktop/bookstore-app/backend/node_modules/@prisma/client/runtime/library.js:112:2770)
{
  "clientVersion": "6.19.0",
  "errorCode": "P1012",
  "name": "PrismaClientInitializationError"
}
2025-12-02 15:04:28 [error]: Prisma connection error: [1;91merror[0m: [1mError validating datasource `db`: the URL must start with the protocol `mongo`.[0m
  [1;94m-->[0m  [4mschema.prisma:7[0m
[1;94m   | [0m
[1;94m 6 | [0m  provider = "mongodb"
[1;94m 7 | [0m  url      = [1;91menv("DATABASE_URL")[0m
[1;94m   | [0m

Validation Error Count: 1
PrismaClientInitializationError: [1;91merror[0m: [1mError validating datasource `db`: the URL must start with the protocol `mongo`.[0m
  [1;94m-->[0m  [4mschema.prisma:7[0m
[1;94m   | [0m
[1;94m 6 | [0m  provider = "mongodb"
[1;94m 7 | [0m  url      = [1;91menv("DATABASE_URL")[0m
[1;94m   | [0m

Validation Error Count: 1
    at r (/Users/kunnikar/Desktop/bookstore-app/backend/node_modules/@prisma/client/runtime/library.js:112:2770)
{
  "clientVersion": "6.19.0",
  "errorCode": "P1012",
  "name": "PrismaClientInitializationError"
}
2025-12-02 15:04:28 [error]: Prisma connection error: [1;91merror[0m: [1mError validating datasource `db`: the URL must start with the protocol `mongo`.[0m
  [1;94m-->[0m  [4mschema.prisma:7[0m
[1;94m   | [0m
[1;94m 6 | [0m  provider = "mongodb"
[1;94m 7 | [0m  url      = [1;91menv("DATABASE_URL")[0m
[1;94m   | [0m

Validation Error Count: 1
PrismaClientInitializationError: [1;91merror[0m: [1mError validating datasource `db`: the URL must start with the protocol `mongo`.[0m
  [1;94m-->[0m  [4mschema.prisma:7[0m
[1;94m   | [0m
[1;94m 6 | [0m  provider = "mongodb"
[1;94m 7 | [0m  url      = [1;91menv("DATABASE_URL")[0m
[1;94m   | [0m

Validation Error Count: 1
    at r (/Users/kunnikar/Desktop/bookstore-app/backend/node_modules/@prisma/client/runtime/library.js:112:2770)
{
  "clientVersion": "6.19.0",
  "errorCode": "P1012",
  "name": "PrismaClientInitializationError"
}
2025-12-02 20:17:29 [error]: Failed to add book: 
Invalid `prisma.book.create()` invocation:


Prisma needs to perform transactions, which requires your MongoDB server to be run as a replica set. https://pris.ly/d/mongodb-replica-set
PrismaClientKnownRequestError: 
Invalid `prisma.book.create()` invocation:


Prisma needs to perform transactions, which requires your MongoDB server to be run as a replica set. https://pris.ly/d/mongodb-replica-set
    at ei.handleRequestError (/Users/kunnikar/Desktop/bookstore-app/backend/node_modules/@prisma/client/runtime/library.js:121:7268)
    at ei.handleAndLogRequestError (/Users/kunnikar/Desktop/bookstore-app/backend/node_modules/@prisma/client/runtime/library.js:121:6593)
    at ei.request (/Users/kunnikar/Desktop/bookstore-app/backend/node_modules/@prisma/client/runtime/library.js:121:6300)
    at async a (/Users/kunnikar/Desktop/bookstore-app/backend/node_modules/@prisma/client/runtime/library.js:130:9551)
    at async file:///Users/kunnikar/Desktop/bookstore-app/backend/server/routes/Books.ts:38:25
{
  "code": "P2031",
  "meta": {
    "modelName": "Book"
  },
  "clientVersion": "6.19.0",
  "name": "PrismaClientKnownRequestError"
}
2025-12-02 20:17:34 [error]: Failed to add book: 
Invalid `prisma.book.create()` invocation:


Prisma needs to perform transactions, which requires your MongoDB server to be run as a replica set. https://pris.ly/d/mongodb-replica-set
PrismaClientKnownRequestError: 
Invalid `prisma.book.create()` invocation:


Prisma needs to perform transactions, which requires your MongoDB server to be run as a replica set. https://pris.ly/d/mongodb-replica-set
    at ei.handleRequestError (/Users/kunnikar/Desktop/bookstore-app/backend/node_modules/@prisma/client/runtime/library.js:121:7268)
    at ei.handleAndLogRequestError (/Users/kunnikar/Desktop/bookstore-app/backend/node_modules/@prisma/client/runtime/library.js:121:6593)
    at ei.request (/Users/kunnikar/Desktop/bookstore-app/backend/node_modules/@prisma/client/runtime/library.js:121:6300)
    at async a (/Users/kunnikar/Desktop/bookstore-app/backend/node_modules/@prisma/client/runtime/library.js:130:9551)
    at async file:///Users/kunnikar/Desktop/bookstore-app/backend/server/routes/Books.ts:38:25
{
  "code": "P2031",
  "meta": {
    "modelName": "Book"
  },
  "clientVersion": "6.19.0",
  "name": "PrismaClientKnownRequestError"
}
2025-12-02 20:41:35 [error]: Failed to add book: 
Invalid `prisma.book.create()` invocation:


Prisma needs to perform transactions, which requires your MongoDB server to be run as a replica set. https://pris.ly/d/mongodb-replica-set
PrismaClientKnownRequestError: 
Invalid `prisma.book.create()` invocation:


Prisma needs to perform transactions, which requires your MongoDB server to be run as a replica set. https://pris.ly/d/mongodb-replica-set
    at ei.handleRequestError (/Users/kunnikar/Desktop/bookstore-app/backend/node_modules/@prisma/client/runtime/library.js:121:7268)
    at ei.handleAndLogRequestError (/Users/kunnikar/Desktop/bookstore-app/backend/node_modules/@prisma/client/runtime/library.js:121:6593)
    at ei.request (/Users/kunnikar/Desktop/bookstore-app/backend/node_modules/@prisma/client/runtime/library.js:121:6300)
    at async a (/Users/kunnikar/Desktop/bookstore-app/backend/node_modules/@prisma/client/runtime/library.js:130:9551)
    at async file:///Users/kunnikar/Desktop/bookstore-app/backend/server/routes/Books.ts:38:25
{
  "code": "P2031",
  "meta": {
    "modelName": "Book"
  },
  "clientVersion": "6.19.0",
  "name": "PrismaClientKnownRequestError"
}
2025-12-02 21:24:06 [error]: Failed to update book: 
Invalid `prisma.book.update()` invocation in
/Users/kunnikar/Desktop/bookstore-app/backend/server/routes/Books.ts:89:43

  86 const { id } = req.params;
  87 const validatedData = createBookSchema.partial().parse(req.body);
  88 
→ 89 const updatedBook = await prisma.book.update(
Prisma needs to perform transactions, which requires your MongoDB server to be run as a replica set. https://pris.ly/d/mongodb-replica-set
PrismaClientKnownRequestError: 
Invalid `prisma.book.update()` invocation in
/Users/kunnikar/Desktop/bookstore-app/backend/server/routes/Books.ts:89:43

  86 const { id } = req.params;
  87 const validatedData = createBookSchema.partial().parse(req.body);
  88 
→ 89 const updatedBook = await prisma.book.update(
Prisma needs to perform transactions, which requires your MongoDB server to be run as a replica set. https://pris.ly/d/mongodb-replica-set
    at ei.handleRequestError (/Users/kunnikar/Desktop/bookstore-app/backend/node_modules/@prisma/client/src/runtime/RequestHandler.ts:228:13)
    at ei.handleAndLogRequestError (/Users/kunnikar/Desktop/bookstore-app/backend/node_modules/@prisma/client/src/runtime/RequestHandler.ts:174:12)
    at ei.request (/Users/kunnikar/Desktop/bookstore-app/backend/node_modules/@prisma/client/src/runtime/RequestHandler.ts:143:12)
    at async a (/Users/kunnikar/Desktop/bookstore-app/backend/node_modules/@prisma/client/src/runtime/getPrismaClient.ts:833:24)
    at async <anonymous> (/Users/kunnikar/Desktop/bookstore-app/backend/server/routes/Books.ts:89:25)
{
  "code": "P2031",
  "meta": {
    "modelName": "Book"
  },
  "clientVersion": "6.19.0",
  "name": "PrismaClientKnownRequestError"
}
2025-12-02 21:53:14 [error]: Failed to delete book: 
Invalid `prisma.book.delete()` invocation in
/Users/kunnikar/Desktop/bookstore-app/backend/server/routes/Books.ts:131:23

  128 try {
  129   const { id } = req.params;
  130 
→ 131   await prisma.book.delete(
Prisma needs to perform transactions, which requires your MongoDB server to be run as a replica set. https://pris.ly/d/mongodb-replica-set
PrismaClientKnownRequestError: 
Invalid `prisma.book.delete()` invocation in
/Users/kunnikar/Desktop/bookstore-app/backend/server/routes/Books.ts:131:23

  128 try {
  129   const { id } = req.params;
  130 
→ 131   await prisma.book.delete(
Prisma needs to perform transactions, which requires your MongoDB server to be run as a replica set. https://pris.ly/d/mongodb-replica-set
    at ei.handleRequestError (/Users/kunnikar/Desktop/bookstore-app/backend/node_modules/@prisma/client/src/runtime/RequestHandler.ts:228:13)
    at ei.handleAndLogRequestError (/Users/kunnikar/Desktop/bookstore-app/backend/node_modules/@prisma/client/src/runtime/RequestHandler.ts:174:12)
    at ei.request (/Users/kunnikar/Desktop/bookstore-app/backend/node_modules/@prisma/client/src/runtime/RequestHandler.ts:143:12)
    at async a (/Users/kunnikar/Desktop/bookstore-app/backend/node_modules/@prisma/client/src/runtime/getPrismaClient.ts:833:24)
    at async <anonymous> (/Users/kunnikar/Desktop/bookstore-app/backend/server/routes/Books.ts:131:5)
{
  "code": "P2031",
  "meta": {
    "modelName": "Book"
  },
  "clientVersion": "6.19.0",
  "name": "PrismaClientKnownRequestError"
}
2025-12-04 07:39:31 [error]: Failed to update book: Cannot read properties of null (reading 'value')
2025-12-04 16:46:54 [error]: Failed to update book: Cannot read properties of null (reading 'value')
2025-12-10 16:35:57 [error]: Failed to update book: Database name bookstore?retryWrites=true&w=majority&serverSelectionTimeoutMS=10000&connectTimeoutMS=30000&socketTimeoutMS=45000 is too long.  Max database name length is 38 bytes.
2025-12-10 20:24:37 [error]: Failed to fetch books: 
[31mInvalid [1m`prisma.book.findMany()`[22m invocation in[39m
[4m/Users/kunnikar/Desktop/bookstore-app/backend/server/routes/Books.ts:21:37[24m

  [2m[90m18[39m [36mconst[39m validatedQuery = searchQuerySchema[34m.[39m[36mparse[39m[34m([39mreq[34m.[39mquery[34m)[39m[34m;[39m[22m
  [2m[90m19[39m [36mconst[39m search = validatedQuery[34m.[39msearch || [1m[32m''[39m[22m[2m[34m;[39m[22m
  [2m[90m20[39m [22m
[1m[31m→[39m[22m [2m[90m21[39m [36mconst[39m books = [36mawait[39m prisma[34m.[39mbook[34m.[39m[36mfindMany[39m[34m([39m[22m
Raw query failed. Code: `unknown`. Message: `Kind: Server selection timeout: No available servers. Topology: { Type: ReplicaSetNoPrimary, Set Name: atlas-12tgik-shard-0, Servers: [ { Address: ac-kezlqjt-shard-00-01.gwixi9s.mongodb.net:27017, Type: Unknown, Error: Kind: I/O error: received fatal alert: InternalError, labels: {}, source: None }, { Address: ac-kezlqjt-shard-00-00.gwixi9s.mongodb.net:27017, Type: Unknown, Error: Kind: I/O error: received fatal alert: InternalError, labels: {}, source: None }, { Address: ac-kezlqjt-shard-00-02.gwixi9s.mongodb.net:27017, Type: Unknown, Error: Kind: I/O error: received fatal alert: InternalError, labels: {}, source: None } ] }, labels: {}, source: None`
PrismaClientKnownRequestError: 
[31mInvalid [1m`prisma.book.findMany()`[22m invocation in[39m
[4m/Users/kunnikar/Desktop/bookstore-app/backend/server/routes/Books.ts:21:37[24m

  [2m[90m18[39m [36mconst[39m validatedQuery = searchQuerySchema[34m.[39m[36mparse[39m[34m([39mreq[34m.[39mquery[34m)[39m[34m;[39m[22m
  [2m[90m19[39m [36mconst[39m search = validatedQuery[34m.[39msearch || [1m[32m''[39m[22m[2m[34m;[39m[22m
  [2m[90m20[39m [22m
[1m[31m→[39m[22m [2m[90m21[39m [36mconst[39m books = [36mawait[39m prisma[34m.[39mbook[34m.[39m[36mfindMany[39m[34m([39m[22m
Raw query failed. Code: `unknown`. Message: `Kind: Server selection timeout: No available servers. Topology: { Type: ReplicaSetNoPrimary, Set Name: atlas-12tgik-shard-0, Servers: [ { Address: ac-kezlqjt-shard-00-01.gwixi9s.mongodb.net:27017, Type: Unknown, Error: Kind: I/O error: received fatal alert: InternalError, labels: {}, source: None }, { Address: ac-kezlqjt-shard-00-00.gwixi9s.mongodb.net:27017, Type: Unknown, Error: Kind: I/O error: received fatal alert: InternalError, labels: {}, source: None }, { Address: ac-kezlqjt-shard-00-02.gwixi9s.mongodb.net:27017, Type: Unknown, Error: Kind: I/O error: received fatal alert: InternalError, labels: {}, source: None } ] }, labels: {}, source: None`
    at ei.handleRequestError (/Users/kunnikar/Desktop/bookstore-app/backend/node_modules/@prisma/client/src/runtime/RequestHandler.ts:228:13)
    at ei.handleAndLogRequestError (/Users/kunnikar/Desktop/bookstore-app/backend/node_modules/@prisma/client/src/runtime/RequestHandler.ts:174:12)
    at ei.request (/Users/kunnikar/Desktop/bookstore-app/backend/node_modules/@prisma/client/src/runtime/RequestHandler.ts:143:12)
    at async a (/Users/kunnikar/Desktop/bookstore-app/backend/node_modules/@prisma/client/src/runtime/getPrismaClient.ts:833:24)
    at async <anonymous> (/Users/kunnikar/Desktop/bookstore-app/backend/server/routes/Books.ts:21:19)
{
  "code": "P2010",
  "meta": {
    "modelName": "Book",
    "code": "unknown",
    "message": "Kind: Server selection timeout: No available servers. Topology: { Type: ReplicaSetNoPrimary, Set Name: atlas-12tgik-shard-0, Servers: [ { Address: ac-kezlqjt-shard-00-01.gwixi9s.mongodb.net:27017, Type: Unknown, Error: Kind: I/O error: received fatal alert: InternalError, labels: {}, source: None }, { Address: ac-kezlqjt-shard-00-00.gwixi9s.mongodb.net:27017, Type: Unknown, Error: Kind: I/O error: received fatal alert: InternalError, labels: {}, source: None }, { Address: ac-kezlqjt-shard-00-02.gwixi9s.mongodb.net:27017, Type: Unknown, Error: Kind: I/O error: received fatal alert: InternalError, labels: {}, source: None } ] }, labels: {}, source: None"
  },
  "clientVersion": "6.19.0",
  "name": "PrismaClientKnownRequestError"
}
2025-12-10 20:24:47 [error]: Failed to fetch books: 
[31mInvalid [1m`prisma.book.findMany()`[22m invocation in[39m
[4m/Users/kunnikar/Desktop/bookstore-app/backend/server/routes/Books.ts:21:37[24m

  [2m[90m18[39m [36mconst[39m validatedQuery = searchQuerySchema[34m.[39m[36mparse[39m[34m([39mreq[34m.[39mquery[34m)[39m[34m;[39m[22m
  [2m[90m19[39m [36mconst[39m search = validatedQuery[34m.[39msearch || [1m[32m''[39m[22m[2m[34m;[39m[22m
  [2m[90m20[39m [22m
[1m[31m→[39m[22m [2m[90m21[39m [36mconst[39m books = [36mawait[39m prisma[34m.[39mbook[34m.[39m[36mfindMany[39m[34m([39m[22m
Raw query failed. Code: `unknown`. Message: `Kind: Server selection timeout: No available servers. Topology: { Type: ReplicaSetNoPrimary, Set Name: atlas-12tgik-shard-0, Servers: [ { Address: ac-kezlqjt-shard-00-01.gwixi9s.mongodb.net:27017, Type: Unknown, Error: Kind: I/O error: received fatal alert: InternalError, labels: {}, source: None }, { Address: ac-kezlqjt-shard-00-00.gwixi9s.mongodb.net:27017, Type: Unknown, Error: Kind: I/O error: received fatal alert: InternalError, labels: {}, source: None }, { Address: ac-kezlqjt-shard-00-02.gwixi9s.mongodb.net:27017, Type: Unknown, Error: Kind: I/O error: received fatal alert: InternalError, labels: {}, source: None } ] }, labels: {}, source: None`
PrismaClientKnownRequestError: 
[31mInvalid [1m`prisma.book.findMany()`[22m invocation in[39m
[4m/Users/kunnikar/Desktop/bookstore-app/backend/server/routes/Books.ts:21:37[24m

  [2m[90m18[39m [36mconst[39m validatedQuery = searchQuerySchema[34m.[39m[36mparse[39m[34m([39mreq[34m.[39mquery[34m)[39m[34m;[39m[22m
  [2m[90m19[39m [36mconst[39m search = validatedQuery[34m.[39msearch || [1m[32m''[39m[22m[2m[34m;[39m[22m
  [2m[90m20[39m [22m
[1m[31m→[39m[22m [2m[90m21[39m [36mconst[39m books = [36mawait[39m prisma[34m.[39mbook[34m.[39m[36mfindMany[39m[34m([39m[22m
Raw query failed. Code: `unknown`. Message: `Kind: Server selection timeout: No available servers. Topology: { Type: ReplicaSetNoPrimary, Set Name: atlas-12tgik-shard-0, Servers: [ { Address: ac-kezlqjt-shard-00-01.gwixi9s.mongodb.net:27017, Type: Unknown, Error: Kind: I/O error: received fatal alert: InternalError, labels: {}, source: None }, { Address: ac-kezlqjt-shard-00-00.gwixi9s.mongodb.net:27017, Type: Unknown, Error: Kind: I/O error: received fatal alert: InternalError, labels: {}, source: None }, { Address: ac-kezlqjt-shard-00-02.gwixi9s.mongodb.net:27017, Type: Unknown, Error: Kind: I/O error: received fatal alert: InternalError, labels: {}, source: None } ] }, labels: {}, source: None`
    at ei.handleRequestError (/Users/kunnikar/Desktop/bookstore-app/backend/node_modules/@prisma/client/src/runtime/RequestHandler.ts:228:13)
    at ei.handleAndLogRequestError (/Users/kunnikar/Desktop/bookstore-app/backend/node_modules/@prisma/client/src/runtime/RequestHandler.ts:174:12)
    at ei.request (/Users/kunnikar/Desktop/bookstore-app/backend/node_modules/@prisma/client/src/runtime/RequestHandler.ts:143:12)
    at async a (/Users/kunnikar/Desktop/bookstore-app/backend/node_modules/@prisma/client/src/runtime/getPrismaClient.ts:833:24)
    at async <anonymous> (/Users/kunnikar/Desktop/bookstore-app/backend/server/routes/Books.ts:21:19)
{
  "code": "P2010",
  "meta": {
    "modelName": "Book",
    "code": "unknown",
    "message": "Kind: Server selection timeout: No available servers. Topology: { Type: ReplicaSetNoPrimary, Set Name: atlas-12tgik-shard-0, Servers: [ { Address: ac-kezlqjt-shard-00-01.gwixi9s.mongodb.net:27017, Type: Unknown, Error: Kind: I/O error: received fatal alert: InternalError, labels: {}, source: None }, { Address: ac-kezlqjt-shard-00-00.gwixi9s.mongodb.net:27017, Type: Unknown, Error: Kind: I/O error: received fatal alert: InternalError, labels: {}, source: None }, { Address: ac-kezlqjt-shard-00-02.gwixi9s.mongodb.net:27017, Type: Unknown, Error: Kind: I/O error: received fatal alert: InternalError, labels: {}, source: None } ] }, labels: {}, source: None"
  },
  "clientVersion": "6.19.0",
  "name": "PrismaClientKnownRequestError"
}
2025-12-10 20:32:06 [error]: Failed to fetch books: 
[31mInvalid [1m`prisma.book.findMany()`[22m invocation in[39m
[4m/Users/kunnikar/Desktop/bookstore-app/backend/server/routes/Books.ts:21:37[24m

  [2m[90m18[39m [36mconst[39m validatedQuery = searchQuerySchema[34m.[39m[36mparse[39m[34m([39mreq[34m.[39mquery[34m)[39m[34m;[39m[22m
  [2m[90m19[39m [36mconst[39m search = validatedQuery[34m.[39msearch || [1m[32m''[39m[22m[2m[34m;[39m[22m
  [2m[90m20[39m [22m
[1m[31m→[39m[22m [2m[90m21[39m [36mconst[39m books = [36mawait[39m prisma[34m.[39mbook[34m.[39m[36mfindMany[39m[34m([39m[22m
Raw query failed. Code: `unknown`. Message: `Kind: Server selection timeout: No available servers. Topology: { Type: ReplicaSetNoPrimary, Set Name: atlas-12tgik-shard-0, Servers: [ { Address: ac-kezlqjt-shard-00-02.gwixi9s.mongodb.net:27017, Type: Unknown, Error: Kind: I/O error: received fatal alert: InternalError, labels: {}, source: None }, { Address: ac-kezlqjt-shard-00-00.gwixi9s.mongodb.net:27017, Type: Unknown, Error: Kind: I/O error: received fatal alert: InternalError, labels: {}, source: None }, { Address: ac-kezlqjt-shard-00-01.gwixi9s.mongodb.net:27017, Type: Unknown, Error: Kind: I/O error: received fatal alert: InternalError, labels: {}, source: None } ] }, labels: {}, source: None`
PrismaClientKnownRequestError: 
[31mInvalid [1m`prisma.book.findMany()`[22m invocation in[39m
[4m/Users/kunnikar/Desktop/bookstore-app/backend/server/routes/Books.ts:21:37[24m

  [2m[90m18[39m [36mconst[39m validatedQuery = searchQuerySchema[34m.[39m[36mparse[39m[34m([39mreq[34m.[39mquery[34m)[39m[34m;[39m[22m
  [2m[90m19[39m [36mconst[39m search = validatedQuery[34m.[39msearch || [1m[32m''[39m[22m[2m[34m;[39m[22m
  [2m[90m20[39m [22m
[1m[31m→[39m[22m [2m[90m21[39m [36mconst[39m books = [36mawait[39m prisma[34m.[39mbook[34m.[39m[36mfindMany[39m[34m([39m[22m
Raw query failed. Code: `unknown`. Message: `Kind: Server selection timeout: No available servers. Topology: { Type: ReplicaSetNoPrimary, Set Name: atlas-12tgik-shard-0, Servers: [ { Address: ac-kezlqjt-shard-00-02.gwixi9s.mongodb.net:27017, Type: Unknown, Error: Kind: I/O error: received fatal alert: InternalError, labels: {}, source: None }, { Address: ac-kezlqjt-shard-00-00.gwixi9s.mongodb.net:27017, Type: Unknown, Error: Kind: I/O error: received fatal alert: InternalError, labels: {}, source: None }, { Address: ac-kezlqjt-shard-00-01.gwixi9s.mongodb.net:27017, Type: Unknown, Error: Kind: I/O error: received fatal alert: InternalError, labels: {}, source: None } ] }, labels: {}, source: None`
    at ei.handleRequestError (/Users/kunnikar/Desktop/bookstore-app/backend/node_modules/@prisma/client/src/runtime/RequestHandler.ts:228:13)
    at ei.handleAndLogRequestError (/Users/kunnikar/Desktop/bookstore-app/backend/node_modules/@prisma/client/src/runtime/RequestHandler.ts:174:12)
    at ei.request (/Users/kunnikar/Desktop/bookstore-app/backend/node_modules/@prisma/client/src/runtime/RequestHandler.ts:143:12)
    at async a (/Users/kunnikar/Desktop/bookstore-app/backend/node_modules/@prisma/client/src/runtime/getPrismaClient.ts:833:24)
    at async <anonymous> (/Users/kunnikar/Desktop/bookstore-app/backend/server/routes/Books.ts:21:19)
{
  "code": "P2010",
  "meta": {
    "modelName": "Book",
    "code": "unknown",
    "message": "Kind: Server selection timeout: No available servers. Topology: { Type: ReplicaSetNoPrimary, Set Name: atlas-12tgik-shard-0, Servers: [ { Address: ac-kezlqjt-shard-00-02.gwixi9s.mongodb.net:27017, Type: Unknown, Error: Kind: I/O error: received fatal alert: InternalError, labels: {}, source: None }, { Address: ac-kezlqjt-shard-00-00.gwixi9s.mongodb.net:27017, Type: Unknown, Error: Kind: I/O error: received fatal alert: InternalError, labels: {}, source: None }, { Address: ac-kezlqjt-shard-00-01.gwixi9s.mongodb.net:27017, Type: Unknown, Error: Kind: I/O error: received fatal alert: InternalError, labels: {}, source: None } ] }, labels: {}, source: None"
  },
  "clientVersion": "6.19.0",
  "name": "PrismaClientKnownRequestError"
}
2025-12-10 20:32:16 [error]: Failed to fetch books: 
[31mInvalid [1m`prisma.book.findMany()`[22m invocation in[39m
[4m/Users/kunnikar/Desktop/bookstore-app/backend/server/routes/Books.ts:21:37[24m

  [2m[90m18[39m [36mconst[39m validatedQuery = searchQuerySchema[34m.[39m[36mparse[39m[34m([39mreq[34m.[39mquery[34m)[39m[34m;[39m[22m
  [2m[90m19[39m [36mconst[39m search = validatedQuery[34m.[39msearch || [1m[32m''[39m[22m[2m[34m;[39m[22m
  [2m[90m20[39m [22m
[1m[31m→[39m[22m [2m[90m21[39m [36mconst[39m books = [36mawait[39m prisma[34m.[39mbook[34m.[39m[36mfindMany[39m[34m([39m[22m
Raw query failed. Code: `unknown`. Message: `Kind: Server selection timeout: No available servers. Topology: { Type: ReplicaSetNoPrimary, Set Name: atlas-12tgik-shard-0, Servers: [ { Address: ac-kezlqjt-shard-00-02.gwixi9s.mongodb.net:27017, Type: Unknown, Error: Kind: I/O error: received fatal alert: InternalError, labels: {}, source: None }, { Address: ac-kezlqjt-shard-00-00.gwixi9s.mongodb.net:27017, Type: Unknown, Error: Kind: I/O error: received fatal alert: InternalError, labels: {}, source: None }, { Address: ac-kezlqjt-shard-00-01.gwixi9s.mongodb.net:27017, Type: Unknown, Error: Kind: I/O error: received fatal alert: InternalError, labels: {}, source: None } ] }, labels: {}, source: None`
PrismaClientKnownRequestError: 
[31mInvalid [1m`prisma.book.findMany()`[22m invocation in[39m
[4m/Users/kunnikar/Desktop/bookstore-app/backend/server/routes/Books.ts:21:37[24m

  [2m[90m18[39m [36mconst[39m validatedQuery = searchQuerySchema[34m.[39m[36mparse[39m[34m([39mreq[34m.[39mquery[34m)[39m[34m;[39m[22m
  [2m[90m19[39m [36mconst[39m search = validatedQuery[34m.[39msearch || [1m[32m''[39m[22m[2m[34m;[39m[22m
  [2m[90m20[39m [22m
[1m[31m→[39m[22m [2m[90m21[39m [36mconst[39m books = [36mawait[39m prisma[34m.[39mbook[34m.[39m[36mfindMany[39m[34m([39m[22m
Raw query failed. Code: `unknown`. Message: `Kind: Server selection timeout: No available servers. Topology: { Type: ReplicaSetNoPrimary, Set Name: atlas-12tgik-shard-0, Servers: [ { Address: ac-kezlqjt-shard-00-02.gwixi9s.mongodb.net:27017, Type: Unknown, Error: Kind: I/O error: received fatal alert: InternalError, labels: {}, source: None }, { Address: ac-kezlqjt-shard-00-00.gwixi9s.mongodb.net:27017, Type: Unknown, Error: Kind: I/O error: received fatal alert: InternalError, labels: {}, source: None }, { Address: ac-kezlqjt-shard-00-01.gwixi9s.mongodb.net:27017, Type: Unknown, Error: Kind: I/O error: received fatal alert: InternalError, labels: {}, source: None } ] }, labels: {}, source: None`
    at ei.handleRequestError (/Users/kunnikar/Desktop/bookstore-app/backend/node_modules/@prisma/client/src/runtime/RequestHandler.ts:228:13)
    at ei.handleAndLogRequestError (/Users/kunnikar/Desktop/bookstore-app/backend/node_modules/@prisma/client/src/runtime/RequestHandler.ts:174:12)
    at ei.request (/Users/kunnikar/Desktop/bookstore-app/backend/node_modules/@prisma/client/src/runtime/RequestHandler.ts:143:12)
    at async a (/Users/kunnikar/Desktop/bookstore-app/backend/node_modules/@prisma/client/src/runtime/getPrismaClient.ts:833:24)
    at async <anonymous> (/Users/kunnikar/Desktop/bookstore-app/backend/server/routes/Books.ts:21:19)
{
  "code": "P2010",
  "meta": {
    "modelName": "Book",
    "code": "unknown",
    "message": "Kind: Server selection timeout: No available servers. Topology: { Type: ReplicaSetNoPrimary, Set Name: atlas-12tgik-shard-0, Servers: [ { Address: ac-kezlqjt-shard-00-02.gwixi9s.mongodb.net:27017, Type: Unknown, Error: Kind: I/O error: received fatal alert: InternalError, labels: {}, source: None }, { Address: ac-kezlqjt-shard-00-00.gwixi9s.mongodb.net:27017, Type: Unknown, Error: Kind: I/O error: received fatal alert: InternalError, labels: {}, source: None }, { Address: ac-kezlqjt-shard-00-01.gwixi9s.mongodb.net:27017, Type: Unknown, Error: Kind: I/O error: received fatal alert: InternalError, labels: {}, source: None } ] }, labels: {}, source: None"
  },
  "clientVersion": "6.19.0",
  "name": "PrismaClientKnownRequestError"
}
2025-12-10 20:51:17 [error]: Failed to fetch books: 
[31mInvalid [1m`prisma.book.findMany()`[22m invocation in[39m
[4m/Users/kunnikar/Desktop/bookstore-app/backend/server/routes/Books.ts:21:37[24m

  [2m[90m18[39m [36mconst[39m validatedQuery = searchQuerySchema[34m.[39m[36mparse[39m[34m([39mreq[34m.[39mquery[34m)[39m[34m;[39m[22m
  [2m[90m19[39m [36mconst[39m search = validatedQuery[34m.[39msearch || [1m[32m''[39m[22m[2m[34m;[39m[22m
  [2m[90m20[39m [22m
[1m[31m→[39m[22m [2m[90m21[39m [36mconst[39m books = [36mawait[39m prisma[34m.[39mbook[34m.[39m[36mfindMany[39m[34m([39m[22m
Raw query failed. Code: `unknown`. Message: `Kind: Server selection timeout: No available servers. Topology: { Type: ReplicaSetNoPrimary, Set Name: atlas-12tgik-shard-0, Servers: [ { Address: ac-kezlqjt-shard-00-00.gwixi9s.mongodb.net:27017, Type: Unknown, Error: Kind: I/O error: received fatal alert: InternalError, labels: {}, source: None }, { Address: ac-kezlqjt-shard-00-01.gwixi9s.mongodb.net:27017, Type: Unknown, Error: Kind: I/O error: received fatal alert: InternalError, labels: {}, source: None }, { Address: ac-kezlqjt-shard-00-02.gwixi9s.mongodb.net:27017, Type: Unknown, Error: Kind: I/O error: received fatal alert: InternalError, labels: {}, source: None } ] }, labels: {}, source: None`
PrismaClientKnownRequestError: 
[31mInvalid [1m`prisma.book.findMany()`[22m invocation in[39m
[4m/Users/kunnikar/Desktop/bookstore-app/backend/server/routes/Books.ts:21:37[24m

  [2m[90m18[39m [36mconst[39m validatedQuery = searchQuerySchema[34m.[39m[36mparse[39m[34m([39mreq[34m.[39mquery[34m)[39m[34m;[39m[22m
  [2m[90m19[39m [36mconst[39m search = validatedQuery[34m.[39msearch || [1m[32m''[39m[22m[2m[34m;[39m[22m
  [2m[90m20[39m [22m
[1m[31m→[39m[22m [2m[90m21[39m [36mconst[39m books = [36mawait[39m prisma[34m.[39mbook[34m.[39m[36mfindMany[39m[34m([39m[22m
Raw query failed. Code: `unknown`. Message: `Kind: Server selection timeout: No available servers. Topology: { Type: ReplicaSetNoPrimary, Set Name: atlas-12tgik-shard-0, Servers: [ { Address: ac-kezlqjt-shard-00-00.gwixi9s.mongodb.net:27017, Type: Unknown, Error: Kind: I/O error: received fatal alert: InternalError, labels: {}, source: None }, { Address: ac-kezlqjt-shard-00-01.gwixi9s.mongodb.net:27017, Type: Unknown, Error: Kind: I/O error: received fatal alert: InternalError, labels: {}, source: None }, { Address: ac-kezlqjt-shard-00-02.gwixi9s.mongodb.net:27017, Type: Unknown, Error: Kind: I/O error: received fatal alert: InternalError, labels: {}, source: None } ] }, labels: {}, source: None`
    at ei.handleRequestError (/Users/kunnikar/Desktop/bookstore-app/backend/node_modules/@prisma/client/src/runtime/RequestHandler.ts:228:13)
    at ei.handleAndLogRequestError (/Users/kunnikar/Desktop/bookstore-app/backend/node_modules/@prisma/client/src/runtime/RequestHandler.ts:174:12)
    at ei.request (/Users/kunnikar/Desktop/bookstore-app/backend/node_modules/@prisma/client/src/runtime/RequestHandler.ts:143:12)
    at async a (/Users/kunnikar/Desktop/bookstore-app/backend/node_modules/@prisma/client/src/runtime/getPrismaClient.ts:833:24)
    at async <anonymous> (/Users/kunnikar/Desktop/bookstore-app/backend/server/routes/Books.ts:21:19)
{
  "code": "P2010",
  "meta": {
    "modelName": "Book",
    "code": "unknown",
    "message": "Kind: Server selection timeout: No available servers. Topology: { Type: ReplicaSetNoPrimary, Set Name: atlas-12tgik-shard-0, Servers: [ { Address: ac-kezlqjt-shard-00-00.gwixi9s.mongodb.net:27017, Type: Unknown, Error: Kind: I/O error: received fatal alert: InternalError, labels: {}, source: None }, { Address: ac-kezlqjt-shard-00-01.gwixi9s.mongodb.net:27017, Type: Unknown, Error: Kind: I/O error: received fatal alert: InternalError, labels: {}, source: None }, { Address: ac-kezlqjt-shard-00-02.gwixi9s.mongodb.net:27017, Type: Unknown, Error: Kind: I/O error: received fatal alert: InternalError, labels: {}, source: None } ] }, labels: {}, source: None"
  },
  "clientVersion": "6.19.0",
  "name": "PrismaClientKnownRequestError"
}
2025-12-10 20:51:18 [error]: Failed to fetch books: 
[31mInvalid [1m`prisma.book.findMany()`[22m invocation in[39m
[4m/Users/kunnikar/Desktop/bookstore-app/backend/server/routes/Books.ts:21:37[24m

  [2m[90m18[39m [36mconst[39m validatedQuery = searchQuerySchema[34m.[39m[36mparse[39m[34m([39mreq[34m.[39mquery[34m)[39m[34m;[39m[22m
  [2m[90m19[39m [36mconst[39m search = validatedQuery[34m.[39msearch || [1m[32m''[39m[22m[2m[34m;[39m[22m
  [2m[90m20[39m [22m
[1m[31m→[39m[22m [2m[90m21[39m [36mconst[39m books = [36mawait[39m prisma[34m.[39mbook[34m.[39m[36mfindMany[39m[34m([39m[22m
Raw query failed. Code: `unknown`. Message: `Kind: Server selection timeout: No available servers. Topology: { Type: ReplicaSetNoPrimary, Set Name: atlas-12tgik-shard-0, Servers: [ { Address: ac-kezlqjt-shard-00-00.gwixi9s.mongodb.net:27017, Type: Unknown, Error: Kind: I/O error: received fatal alert: InternalError, labels: {}, source: None }, { Address: ac-kezlqjt-shard-00-01.gwixi9s.mongodb.net:27017, Type: Unknown, Error: Kind: I/O error: received fatal alert: InternalError, labels: {}, source: None }, { Address: ac-kezlqjt-shard-00-02.gwixi9s.mongodb.net:27017, Type: Unknown, Error: Kind: I/O error: received fatal alert: InternalError, labels: {}, source: None } ] }, labels: {}, source: None`
PrismaClientKnownRequestError: 
[31mInvalid [1m`prisma.book.findMany()`[22m invocation in[39m
[4m/Users/kunnikar/Desktop/bookstore-app/backend/server/routes/Books.ts:21:37[24m

  [2m[90m18[39m [36mconst[39m validatedQuery = searchQuerySchema[34m.[39m[36mparse[39m[34m([39mreq[34m.[39mquery[34m)[39m[34m;[39m[22m
  [2m[90m19[39m [36mconst[39m search = validatedQuery[34m.[39msearch || [1m[32m''[39m[22m[2m[34m;[39m[22m
  [2m[90m20[39m [22m
[1m[31m→[39m[22m [2m[90m21[39m [36mconst[39m books = [36mawait[39m prisma[34m.[39mbook[34m.[39m[36mfindMany[39m[34m([39m[22m
Raw query failed. Code: `unknown`. Message: `Kind: Server selection timeout: No available servers. Topology: { Type: ReplicaSetNoPrimary, Set Name: atlas-12tgik-shard-0, Servers: [ { Address: ac-kezlqjt-shard-00-00.gwixi9s.mongodb.net:27017, Type: Unknown, Error: Kind: I/O error: received fatal alert: InternalError, labels: {}, source: None }, { Address: ac-kezlqjt-shard-00-01.gwixi9s.mongodb.net:27017, Type: Unknown, Error: Kind: I/O error: received fatal alert: InternalError, labels: {}, source: None }, { Address: ac-kezlqjt-shard-00-02.gwixi9s.mongodb.net:27017, Type: Unknown, Error: Kind: I/O error: received fatal alert: InternalError, labels: {}, source: None } ] }, labels: {}, source: None`
    at ei.handleRequestError (/Users/kunnikar/Desktop/bookstore-app/backend/node_modules/@prisma/client/src/runtime/RequestHandler.ts:228:13)
    at ei.handleAndLogRequestError (/Users/kunnikar/Desktop/bookstore-app/backend/node_modules/@prisma/client/src/runtime/RequestHandler.ts:174:12)
    at ei.request (/Users/kunnikar/Desktop/bookstore-app/backend/node_modules/@prisma/client/src/runtime/RequestHandler.ts:143:12)
    at async a (/Users/kunnikar/Desktop/bookstore-app/backend/node_modules/@prisma/client/src/runtime/getPrismaClient.ts:833:24)
    at async <anonymous> (/Users/kunnikar/Desktop/bookstore-app/backend/server/routes/Books.ts:21:19)
{
  "code": "P2010",
  "meta": {
    "modelName": "Book",
    "code": "unknown",
    "message": "Kind: Server selection timeout: No available servers. Topology: { Type: ReplicaSetNoPrimary, Set Name: atlas-12tgik-shard-0, Servers: [ { Address: ac-kezlqjt-shard-00-00.gwixi9s.mongodb.net:27017, Type: Unknown, Error: Kind: I/O error: received fatal alert: InternalError, labels: {}, source: None }, { Address: ac-kezlqjt-shard-00-01.gwixi9s.mongodb.net:27017, Type: Unknown, Error: Kind: I/O error: received fatal alert: InternalError, labels: {}, source: None }, { Address: ac-kezlqjt-shard-00-02.gwixi9s.mongodb.net:27017, Type: Unknown, Error: Kind: I/O error: received fatal alert: InternalError, labels: {}, source: None } ] }, labels: {}, source: None"
  },
  "clientVersion": "6.19.0",
  "name": "PrismaClientKnownRequestError"
}
2025-12-10 20:51:18 [error]: Failed to fetch books: 
[31mInvalid [1m`prisma.book.findMany()`[22m invocation in[39m
[4m/Users/kunnikar/Desktop/bookstore-app/backend/server/routes/Books.ts:21:37[24m

  [2m[90m18[39m [36mconst[39m validatedQuery = searchQuerySchema[34m.[39m[36mparse[39m[34m([39mreq[34m.[39mquery[34m)[39m[34m;[39m[22m
  [2m[90m19[39m [36mconst[39m search = validatedQuery[34m.[39msearch || [1m[32m''[39m[22m[2m[34m;[39m[22m
  [2m[90m20[39m [22m
[1m[31m→[39m[22m [2m[90m21[39m [36mconst[39m books = [36mawait[39m prisma[34m.[39mbook[34m.[39m[36mfindMany[39m[34m([39m[22m
Raw query failed. Code: `unknown`. Message: `Kind: Server selection timeout: No available servers. Topology: { Type: ReplicaSetNoPrimary, Set Name: atlas-12tgik-shard-0, Servers: [ { Address: ac-kezlqjt-shard-00-00.gwixi9s.mongodb.net:27017, Type: Unknown, Error: Kind: I/O error: received fatal alert: InternalError, labels: {}, source: None }, { Address: ac-kezlqjt-shard-00-01.gwixi9s.mongodb.net:27017, Type: Unknown, Error: Kind: I/O error: received fatal alert: InternalError, labels: {}, source: None }, { Address: ac-kezlqjt-shard-00-02.gwixi9s.mongodb.net:27017, Type: Unknown, Error: Kind: I/O error: received fatal alert: InternalError, labels: {}, source: None } ] }, labels: {}, source: None`
PrismaClientKnownRequestError: 
[31mInvalid [1m`prisma.book.findMany()`[22m invocation in[39m
[4m/Users/kunnikar/Desktop/bookstore-app/backend/server/routes/Books.ts:21:37[24m

  [2m[90m18[39m [36mconst[39m validatedQuery = searchQuerySchema[34m.[39m[36mparse[39m[34m([39mreq[34m.[39mquery[34m)[39m[34m;[39m[22m
  [2m[90m19[39m [36mconst[39m search = validatedQuery[34m.[39msearch || [1m[32m''[39m[22m[2m[34m;[39m[22m
  [2m[90m20[39m [22m
[1m[31m→[39m[22m [2m[90m21[39m [36mconst[39m books = [36mawait[39m prisma[34m.[39mbook[34m.[39m[36mfindMany[39m[34m([39m[22m
Raw query failed. Code: `unknown`. Message: `Kind: Server selection timeout: No available servers. Topology: { Type: ReplicaSetNoPrimary, Set Name: atlas-12tgik-shard-0, Servers: [ { Address: ac-kezlqjt-shard-00-00.gwixi9s.mongodb.net:27017, Type: Unknown, Error: Kind: I/O error: received fatal alert: InternalError, labels: {}, source: None }, { Address: ac-kezlqjt-shard-00-01.gwixi9s.mongodb.net:27017, Type: Unknown, Error: Kind: I/O error: received fatal alert: InternalError, labels: {}, source: None }, { Address: ac-kezlqjt-shard-00-02.gwixi9s.mongodb.net:27017, Type: Unknown, Error: Kind: I/O error: received fatal alert: InternalError, labels: {}, source: None } ] }, labels: {}, source: None`
    at ei.handleRequestError (/Users/kunnikar/Desktop/bookstore-app/backend/node_modules/@prisma/client/src/runtime/RequestHandler.ts:228:13)
    at ei.handleAndLogRequestError (/Users/kunnikar/Desktop/bookstore-app/backend/node_modules/@prisma/client/src/runtime/RequestHandler.ts:174:12)
    at ei.request (/Users/kunnikar/Desktop/bookstore-app/backend/node_modules/@prisma/client/src/runtime/RequestHandler.ts:143:12)
    at async a (/Users/kunnikar/Desktop/bookstore-app/backend/node_modules/@prisma/client/src/runtime/getPrismaClient.ts:833:24)
    at async <anonymous> (/Users/kunnikar/Desktop/bookstore-app/backend/server/routes/Books.ts:21:19)
{
  "code": "P2010",
  "meta": {
    "modelName": "Book",
    "code": "unknown",
    "message": "Kind: Server selection timeout: No available servers. Topology: { Type: ReplicaSetNoPrimary, Set Name: atlas-12tgik-shard-0, Servers: [ { Address: ac-kezlqjt-shard-00-00.gwixi9s.mongodb.net:27017, Type: Unknown, Error: Kind: I/O error: received fatal alert: InternalError, labels: {}, source: None }, { Address: ac-kezlqjt-shard-00-01.gwixi9s.mongodb.net:27017, Type: Unknown, Error: Kind: I/O error: received fatal alert: InternalError, labels: {}, source: None }, { Address: ac-kezlqjt-shard-00-02.gwixi9s.mongodb.net:27017, Type: Unknown, Error: Kind: I/O error: received fatal alert: InternalError, labels: {}, source: None } ] }, labels: {}, source: None"
  },
  "clientVersion": "6.19.0",
  "name": "PrismaClientKnownRequestError"
}
2025-12-10 20:51:28 [error]: Failed to fetch books: 
[31mInvalid [1m`prisma.book.findMany()`[22m invocation in[39m
[4m/Users/kunnikar/Desktop/bookstore-app/backend/server/routes/Books.ts:21:37[24m

  [2m[90m18[39m [36mconst[39m validatedQuery = searchQuerySchema[34m.[39m[36mparse[39m[34m([39mreq[34m.[39mquery[34m)[39m[34m;[39m[22m
  [2m[90m19[39m [36mconst[39m search = validatedQuery[34m.[39msearch || [1m[32m''[39m[22m[2m[34m;[39m[22m
  [2m[90m20[39m [22m
[1m[31m→[39m[22m [2m[90m21[39m [36mconst[39m books = [36mawait[39m prisma[34m.[39mbook[34m.[39m[36mfindMany[39m[34m([39m[22m
Raw query failed. Code: `unknown`. Message: `Kind: Server selection timeout: No available servers. Topology: { Type: ReplicaSetNoPrimary, Set Name: atlas-12tgik-shard-0, Servers: [ { Address: ac-kezlqjt-shard-00-00.gwixi9s.mongodb.net:27017, Type: Unknown, Error: Kind: I/O error: received fatal alert: InternalError, labels: {}, source: None }, { Address: ac-kezlqjt-shard-00-01.gwixi9s.mongodb.net:27017, Type: Unknown, Error: Kind: I/O error: received fatal alert: InternalError, labels: {}, source: None }, { Address: ac-kezlqjt-shard-00-02.gwixi9s.mongodb.net:27017, Type: Unknown, Error: Kind: I/O error: received fatal alert: InternalError, labels: {}, source: None } ] }, labels: {}, source: None`
PrismaClientKnownRequestError: 
[31mInvalid [1m`prisma.book.findMany()`[22m invocation in[39m
[4m/Users/kunnikar/Desktop/bookstore-app/backend/server/routes/Books.ts:21:37[24m

  [2m[90m18[39m [36mconst[39m validatedQuery = searchQuerySchema[34m.[39m[36mparse[39m[34m([39mreq[34m.[39mquery[34m)[39m[34m;[39m[22m
  [2m[90m19[39m [36mconst[39m search = validatedQuery[34m.[39msearch || [1m[32m''[39m[22m[2m[34m;[39m[22m
  [2m[90m20[39m [22m
[1m[31m→[39m[22m [2m[90m21[39m [36mconst[39m books = [36mawait[39m prisma[34m.[39mbook[34m.[39m[36mfindMany[39m[34m([39m[22m
Raw query failed. Code: `unknown`. Message: `Kind: Server selection timeout: No available servers. Topology: { Type: ReplicaSetNoPrimary, Set Name: atlas-12tgik-shard-0, Servers: [ { Address: ac-kezlqjt-shard-00-00.gwixi9s.mongodb.net:27017, Type: Unknown, Error: Kind: I/O error: received fatal alert: InternalError, labels: {}, source: None }, { Address: ac-kezlqjt-shard-00-01.gwixi9s.mongodb.net:27017, Type: Unknown, Error: Kind: I/O error: received fatal alert: InternalError, labels: {}, source: None }, { Address: ac-kezlqjt-shard-00-02.gwixi9s.mongodb.net:27017, Type: Unknown, Error: Kind: I/O error: received fatal alert: InternalError, labels: {}, source: None } ] }, labels: {}, source: None`
    at ei.handleRequestError (/Users/kunnikar/Desktop/bookstore-app/backend/node_modules/@prisma/client/src/runtime/RequestHandler.ts:228:13)
    at ei.handleAndLogRequestError (/Users/kunnikar/Desktop/bookstore-app/backend/node_modules/@prisma/client/src/runtime/RequestHandler.ts:174:12)
    at ei.request (/Users/kunnikar/Desktop/bookstore-app/backend/node_modules/@prisma/client/src/runtime/RequestHandler.ts:143:12)
    at async a (/Users/kunnikar/Desktop/bookstore-app/backend/node_modules/@prisma/client/src/runtime/getPrismaClient.ts:833:24)
    at async <anonymous> (/Users/kunnikar/Desktop/bookstore-app/backend/server/routes/Books.ts:21:19)
{
  "code": "P2010",
  "meta": {
    "modelName": "Book",
    "code": "unknown",
    "message": "Kind: Server selection timeout: No available servers. Topology: { Type: ReplicaSetNoPrimary, Set Name: atlas-12tgik-shard-0, Servers: [ { Address: ac-kezlqjt-shard-00-00.gwixi9s.mongodb.net:27017, Type: Unknown, Error: Kind: I/O error: received fatal alert: InternalError, labels: {}, source: None }, { Address: ac-kezlqjt-shard-00-01.gwixi9s.mongodb.net:27017, Type: Unknown, Error: Kind: I/O error: received fatal alert: InternalError, labels: {}, source: None }, { Address: ac-kezlqjt-shard-00-02.gwixi9s.mongodb.net:27017, Type: Unknown, Error: Kind: I/O error: received fatal alert: InternalError, labels: {}, source: None } ] }, labels: {}, source: None"
  },
  "clientVersion": "6.19.0",
  "name": "PrismaClientKnownRequestError"
}
2025-12-10 21:11:45 [error]: Failed to fetch books: 
[31mInvalid [1m`prisma.book.findMany()`[22m invocation in[39m
[4m/Users/kunnikar/Desktop/bookstore-app/backend/server/routes/Books.ts:21:37[24m

  [2m[90m18[39m [36mconst[39m validatedQuery = searchQuerySchema[34m.[39m[36mparse[39m[34m([39mreq[34m.[39mquery[34m)[39m[34m;[39m[22m
  [2m[90m19[39m [36mconst[39m search = validatedQuery[34m.[39msearch || [1m[32m''[39m[22m[2m[34m;[39m[22m
  [2m[90m20[39m [22m
[1m[31m→[39m[22m [2m[90m21[39m [36mconst[39m books = [36mawait[39m prisma[34m.[39mbook[34m.[39m[36mfindMany[39m[34m([39m[22m
Raw query failed. Code: `unknown`. Message: `Kind: Server selection timeout: No available servers. Topology: { Type: ReplicaSetNoPrimary, Set Name: atlas-12tgik-shard-0, Servers: [ { Address: ac-kezlqjt-shard-00-00.gwixi9s.mongodb.net:27017, Type: Unknown, Error: Kind: I/O error: received fatal alert: InternalError, labels: {}, source: None }, { Address: ac-kezlqjt-shard-00-01.gwixi9s.mongodb.net:27017, Type: Unknown, Error: Kind: I/O error: received fatal alert: InternalError, labels: {}, source: None }, { Address: ac-kezlqjt-shard-00-02.gwixi9s.mongodb.net:27017, Type: Unknown, Error: Kind: I/O error: received fatal alert: InternalError, labels: {}, source: None } ] }, labels: {}, source: None`
PrismaClientKnownRequestError: 
[31mInvalid [1m`prisma.book.findMany()`[22m invocation in[39m
[4m/Users/kunnikar/Desktop/bookstore-app/backend/server/routes/Books.ts:21:37[24m

  [2m[90m18[39m [36mconst[39m validatedQuery = searchQuerySchema[34m.[39m[36mparse[39m[34m([39mreq[34m.[39mquery[34m)[39m[34m;[39m[22m
  [2m[90m19[39m [36mconst[39m search = validatedQuery[34m.[39msearch || [1m[32m''[39m[22m[2m[34m;[39m[22m
  [2m[90m20[39m [22m
[1m[31m→[39m[22m [2m[90m21[39m [36mconst[39m books = [36mawait[39m prisma[34m.[39mbook[34m.[39m[36mfindMany[39m[34m([39m[22m
Raw query failed. Code: `unknown`. Message: `Kind: Server selection timeout: No available servers. Topology: { Type: ReplicaSetNoPrimary, Set Name: atlas-12tgik-shard-0, Servers: [ { Address: ac-kezlqjt-shard-00-00.gwixi9s.mongodb.net:27017, Type: Unknown, Error: Kind: I/O error: received fatal alert: InternalError, labels: {}, source: None }, { Address: ac-kezlqjt-shard-00-01.gwixi9s.mongodb.net:27017, Type: Unknown, Error: Kind: I/O error: received fatal alert: InternalError, labels: {}, source: None }, { Address: ac-kezlqjt-shard-00-02.gwixi9s.mongodb.net:27017, Type: Unknown, Error: Kind: I/O error: received fatal alert: InternalError, labels: {}, source: None } ] }, labels: {}, source: None`
    at ei.handleRequestError (/Users/kunnikar/Desktop/bookstore-app/backend/node_modules/@prisma/client/src/runtime/RequestHandler.ts:228:13)
    at ei.handleAndLogRequestError (/Users/kunnikar/Desktop/bookstore-app/backend/node_modules/@prisma/client/src/runtime/RequestHandler.ts:174:12)
    at ei.request (/Users/kunnikar/Desktop/bookstore-app/backend/node_modules/@prisma/client/src/runtime/RequestHandler.ts:143:12)
    at async a (/Users/kunnikar/Desktop/bookstore-app/backend/node_modules/@prisma/client/src/runtime/getPrismaClient.ts:833:24)
    at async <anonymous> (/Users/kunnikar/Desktop/bookstore-app/backend/server/routes/Books.ts:21:19)
{
  "code": "P2010",
  "meta": {
    "modelName": "Book",
    "code": "unknown",
    "message": "Kind: Server selection timeout: No available servers. Topology: { Type: ReplicaSetNoPrimary, Set Name: atlas-12tgik-shard-0, Servers: [ { Address: ac-kezlqjt-shard-00-00.gwixi9s.mongodb.net:27017, Type: Unknown, Error: Kind: I/O error: received fatal alert: InternalError, labels: {}, source: None }, { Address: ac-kezlqjt-shard-00-01.gwixi9s.mongodb.net:27017, Type: Unknown, Error: Kind: I/O error: received fatal alert: InternalError, labels: {}, source: None }, { Address: ac-kezlqjt-shard-00-02.gwixi9s.mongodb.net:27017, Type: Unknown, Error: Kind: I/O error: received fatal alert: InternalError, labels: {}, source: None } ] }, labels: {}, source: None"
  },
  "clientVersion": "6.19.0",
  "name": "PrismaClientKnownRequestError"
}
2025-12-10 21:11:45 [error]: Failed to fetch books: 
[31mInvalid [1m`prisma.book.findMany()`[22m invocation in[39m
[4m/Users/kunnikar/Desktop/bookstore-app/backend/server/routes/Books.ts:21:37[24m

  [2m[90m18[39m [36mconst[39m validatedQuery = searchQuerySchema[34m.[39m[36mparse[39m[34m([39mreq[34m.[39mquery[34m)[39m[34m;[39m[22m
  [2m[90m19[39m [36mconst[39m search = validatedQuery[34m.[39msearch || [1m[32m''[39m[22m[2m[34m;[39m[22m
  [2m[90m20[39m [22m
[1m[31m→[39m[22m [2m[90m21[39m [36mconst[39m books = [36mawait[39m prisma[34m.[39mbook[34m.[39m[36mfindMany[39m[34m([39m[22m
Raw query failed. Code: `unknown`. Message: `Kind: Server selection timeout: No available servers. Topology: { Type: ReplicaSetNoPrimary, Set Name: atlas-12tgik-shard-0, Servers: [ { Address: ac-kezlqjt-shard-00-00.gwixi9s.mongodb.net:27017, Type: Unknown, Error: Kind: I/O error: received fatal alert: InternalError, labels: {}, source: None }, { Address: ac-kezlqjt-shard-00-01.gwixi9s.mongodb.net:27017, Type: Unknown, Error: Kind: I/O error: received fatal alert: InternalError, labels: {}, source: None }, { Address: ac-kezlqjt-shard-00-02.gwixi9s.mongodb.net:27017, Type: Unknown, Error: Kind: I/O error: received fatal alert: InternalError, labels: {}, source: None } ] }, labels: {}, source: None`
PrismaClientKnownRequestError: 
[31mInvalid [1m`prisma.book.findMany()`[22m invocation in[39m
[4m/Users/kunnikar/Desktop/bookstore-app/backend/server/routes/Books.ts:21:37[24m

  [2m[90m18[39m [36mconst[39m validatedQuery = searchQuerySchema[34m.[39m[36mparse[39m[34m([39mreq[34m.[39mquery[34m)[39m[34m;[39m[22m
  [2m[90m19[39m [36mconst[39m search = validatedQuery[34m.[39msearch || [1m[32m''[39m[22m[2m[34m;[39m[22m
  [2m[90m20[39m [22m
[1m[31m→[39m[22m [2m[90m21[39m [36mconst[39m books = [36mawait[39m prisma[34m.[39mbook[34m.[39m[36mfindMany[39m[34m([39m[22m
Raw query failed. Code: `unknown`. Message: `Kind: Server selection timeout: No available servers. Topology: { Type: ReplicaSetNoPrimary, Set Name: atlas-12tgik-shard-0, Servers: [ { Address: ac-kezlqjt-shard-00-00.gwixi9s.mongodb.net:27017, Type: Unknown, Error: Kind: I/O error: received fatal alert: InternalError, labels: {}, source: None }, { Address: ac-kezlqjt-shard-00-01.gwixi9s.mongodb.net:27017, Type: Unknown, Error: Kind: I/O error: received fatal alert: InternalError, labels: {}, source: None }, { Address: ac-kezlqjt-shard-00-02.gwixi9s.mongodb.net:27017, Type: Unknown, Error: Kind: I/O error: received fatal alert: InternalError, labels: {}, source: None } ] }, labels: {}, source: None`
    at ei.handleRequestError (/Users/kunnikar/Desktop/bookstore-app/backend/node_modules/@prisma/client/src/runtime/RequestHandler.ts:228:13)
    at ei.handleAndLogRequestError (/Users/kunnikar/Desktop/bookstore-app/backend/node_modules/@prisma/client/src/runtime/RequestHandler.ts:174:12)
    at ei.request (/Users/kunnikar/Desktop/bookstore-app/backend/node_modules/@prisma/client/src/runtime/RequestHandler.ts:143:12)
    at async a (/Users/kunnikar/Desktop/bookstore-app/backend/node_modules/@prisma/client/src/runtime/getPrismaClient.ts:833:24)
    at async <anonymous> (/Users/kunnikar/Desktop/bookstore-app/backend/server/routes/Books.ts:21:19)
{
  "code": "P2010",
  "meta": {
    "modelName": "Book",
    "code": "unknown",
    "message": "Kind: Server selection timeout: No available servers. Topology: { Type: ReplicaSetNoPrimary, Set Name: atlas-12tgik-shard-0, Servers: [ { Address: ac-kezlqjt-shard-00-00.gwixi9s.mongodb.net:27017, Type: Unknown, Error: Kind: I/O error: received fatal alert: InternalError, labels: {}, source: None }, { Address: ac-kezlqjt-shard-00-01.gwixi9s.mongodb.net:27017, Type: Unknown, Error: Kind: I/O error: received fatal alert: InternalError, labels: {}, source: None }, { Address: ac-kezlqjt-shard-00-02.gwixi9s.mongodb.net:27017, Type: Unknown, Error: Kind: I/O error: received fatal alert: InternalError, labels: {}, source: None } ] }, labels: {}, source: None"
  },
  "clientVersion": "6.19.0",
  "name": "PrismaClientKnownRequestError"
}
2025-12-10 21:12:16 [error]: Failed to fetch books: 
[31mInvalid [1m`prisma.book.findMany()`[22m invocation in[39m
[4m/Users/kunnikar/Desktop/bookstore-app/backend/server/routes/Books.ts:21:37[24m

  [2m[90m18[39m [36mconst[39m validatedQuery = searchQuerySchema[34m.[39m[36mparse[39m[34m([39mreq[34m.[39mquery[34m)[39m[34m;[39m[22m
  [2m[90m19[39m [36mconst[39m search = validatedQuery[34m.[39msearch || [1m[32m''[39m[22m[2m[34m;[39m[22m
  [2m[90m20[39m [22m
[1m[31m→[39m[22m [2m[90m21[39m [36mconst[39m books = [36mawait[39m prisma[34m.[39mbook[34m.[39m[36mfindMany[39m[34m([39m[22m
Raw query failed. Code: `unknown`. Message: `Kind: Server selection timeout: No available servers. Topology: { Type: ReplicaSetNoPrimary, Set Name: atlas-12tgik-shard-0, Servers: [ { Address: ac-kezlqjt-shard-00-00.gwixi9s.mongodb.net:27017, Type: Unknown, Error: Kind: I/O error: received fatal alert: InternalError, labels: {}, source: None }, { Address: ac-kezlqjt-shard-00-01.gwixi9s.mongodb.net:27017, Type: Unknown, Error: Kind: I/O error: received fatal alert: InternalError, labels: {}, source: None }, { Address: ac-kezlqjt-shard-00-02.gwixi9s.mongodb.net:27017, Type: Unknown, Error: Kind: I/O error: received fatal alert: InternalError, labels: {}, source: None } ] }, labels: {}, source: None`
PrismaClientKnownRequestError: 
[31mInvalid [1m`prisma.book.findMany()`[22m invocation in[39m
[4m/Users/kunnikar/Desktop/bookstore-app/backend/server/routes/Books.ts:21:37[24m

  [2m[90m18[39m [36mconst[39m validatedQuery = searchQuerySchema[34m.[39m[36mparse[39m[34m([39mreq[34m.[39mquery[34m)[39m[34m;[39m[22m
  [2m[90m19[39m [36mconst[39m search = validatedQuery[34m.[39msearch || [1m[32m''[39m[22m[2m[34m;[39m[22m
  [2m[90m20[39m [22m
[1m[31m→[39m[22m [2m[90m21[39m [36mconst[39m books = [36mawait[39m prisma[34m.[39mbook[34m.[39m[36mfindMany[39m[34m([39m[22m
Raw query failed. Code: `unknown`. Message: `Kind: Server selection timeout: No available servers. Topology: { Type: ReplicaSetNoPrimary, Set Name: atlas-12tgik-shard-0, Servers: [ { Address: ac-kezlqjt-shard-00-00.gwixi9s.mongodb.net:27017, Type: Unknown, Error: Kind: I/O error: received fatal alert: InternalError, labels: {}, source: None }, { Address: ac-kezlqjt-shard-00-01.gwixi9s.mongodb.net:27017, Type: Unknown, Error: Kind: I/O error: received fatal alert: InternalError, labels: {}, source: None }, { Address: ac-kezlqjt-shard-00-02.gwixi9s.mongodb.net:27017, Type: Unknown, Error: Kind: I/O error: received fatal alert: InternalError, labels: {}, source: None } ] }, labels: {}, source: None`
    at ei.handleRequestError (/Users/kunnikar/Desktop/bookstore-app/backend/node_modules/@prisma/client/src/runtime/RequestHandler.ts:228:13)
    at ei.handleAndLogRequestError (/Users/kunnikar/Desktop/bookstore-app/backend/node_modules/@prisma/client/src/runtime/RequestHandler.ts:174:12)
    at ei.request (/Users/kunnikar/Desktop/bookstore-app/backend/node_modules/@prisma/client/src/runtime/RequestHandler.ts:143:12)
    at async a (/Users/kunnikar/Desktop/bookstore-app/backend/node_modules/@prisma/client/src/runtime/getPrismaClient.ts:833:24)
    at async <anonymous> (/Users/kunnikar/Desktop/bookstore-app/backend/server/routes/Books.ts:21:19)
{
  "code": "P2010",
  "meta": {
    "modelName": "Book",
    "code": "unknown",
    "message": "Kind: Server selection timeout: No available servers. Topology: { Type: ReplicaSetNoPrimary, Set Name: atlas-12tgik-shard-0, Servers: [ { Address: ac-kezlqjt-shard-00-00.gwixi9s.mongodb.net:27017, Type: Unknown, Error: Kind: I/O error: received fatal alert: InternalError, labels: {}, source: None }, { Address: ac-kezlqjt-shard-00-01.gwixi9s.mongodb.net:27017, Type: Unknown, Error: Kind: I/O error: received fatal alert: InternalError, labels: {}, source: None }, { Address: ac-kezlqjt-shard-00-02.gwixi9s.mongodb.net:27017, Type: Unknown, Error: Kind: I/O error: received fatal alert: InternalError, labels: {}, source: None } ] }, labels: {}, source: None"
  },
  "clientVersion": "6.19.0",
  "name": "PrismaClientKnownRequestError"
}
2025-12-10 21:12:16 [error]: Failed to fetch books: 
[31mInvalid [1m`prisma.book.findMany()`[22m invocation in[39m
[4m/Users/kunnikar/Desktop/bookstore-app/backend/server/routes/Books.ts:21:37[24m

  [2m[90m18[39m [36mconst[39m validatedQuery = searchQuerySchema[34m.[39m[36mparse[39m[34m([39mreq[34m.[39mquery[34m)[39m[34m;[39m[22m
  [2m[90m19[39m [36mconst[39m search = validatedQuery[34m.[39msearch || [1m[32m''[39m[22m[2m[34m;[39m[22m
  [2m[90m20[39m [22m
[1m[31m→[39m[22m [2m[90m21[39m [36mconst[39m books = [36mawait[39m prisma[34m.[39mbook[34m.[39m[36mfindMany[39m[34m([39m[22m
Raw query failed. Code: `unknown`. Message: `Kind: Server selection timeout: No available servers. Topology: { Type: ReplicaSetNoPrimary, Set Name: atlas-12tgik-shard-0, Servers: [ { Address: ac-kezlqjt-shard-00-00.gwixi9s.mongodb.net:27017, Type: Unknown, Error: Kind: I/O error: received fatal alert: InternalError, labels: {}, source: None }, { Address: ac-kezlqjt-shard-00-01.gwixi9s.mongodb.net:27017, Type: Unknown, Error: Kind: I/O error: received fatal alert: InternalError, labels: {}, source: None }, { Address: ac-kezlqjt-shard-00-02.gwixi9s.mongodb.net:27017, Type: Unknown, Error: Kind: I/O error: received fatal alert: InternalError, labels: {}, source: None } ] }, labels: {}, source: None`
PrismaClientKnownRequestError: 
[31mInvalid [1m`prisma.book.findMany()`[22m invocation in[39m
[4m/Users/kunnikar/Desktop/bookstore-app/backend/server/routes/Books.ts:21:37[24m

  [2m[90m18[39m [36mconst[39m validatedQuery = searchQuerySchema[34m.[39m[36mparse[39m[34m([39mreq[34m.[39mquery[34m)[39m[34m;[39m[22m
  [2m[90m19[39m [36mconst[39m search = validatedQuery[34m.[39msearch || [1m[32m''[39m[22m[2m[34m;[39m[22m
  [2m[90m20[39m [22m
[1m[31m→[39m[22m [2m[90m21[39m [36mconst[39m books = [36mawait[39m prisma[34m.[39mbook[34m.[39m[36mfindMany[39m[34m([39m[22m
Raw query failed. Code: `unknown`. Message: `Kind: Server selection timeout: No available servers. Topology: { Type: ReplicaSetNoPrimary, Set Name: atlas-12tgik-shard-0, Servers: [ { Address: ac-kezlqjt-shard-00-00.gwixi9s.mongodb.net:27017, Type: Unknown, Error: Kind: I/O error: received fatal alert: InternalError, labels: {}, source: None }, { Address: ac-kezlqjt-shard-00-01.gwixi9s.mongodb.net:27017, Type: Unknown, Error: Kind: I/O error: received fatal alert: InternalError, labels: {}, source: None }, { Address: ac-kezlqjt-shard-00-02.gwixi9s.mongodb.net:27017, Type: Unknown, Error: Kind: I/O error: received fatal alert: InternalError, labels: {}, source: None } ] }, labels: {}, source: None`
    at ei.handleRequestError (/Users/kunnikar/Desktop/bookstore-app/backend/node_modules/@prisma/client/src/runtime/RequestHandler.ts:228:13)
    at ei.handleAndLogRequestError (/Users/kunnikar/Desktop/bookstore-app/backend/node_modules/@prisma/client/src/runtime/RequestHandler.ts:174:12)
    at ei.request (/Users/kunnikar/Desktop/bookstore-app/backend/node_modules/@prisma/client/src/runtime/RequestHandler.ts:143:12)
    at async a (/Users/kunnikar/Desktop/bookstore-app/backend/node_modules/@prisma/client/src/runtime/getPrismaClient.ts:833:24)
    at async <anonymous> (/Users/kunnikar/Desktop/bookstore-app/backend/server/routes/Books.ts:21:19)
{
  "code": "P2010",
  "meta": {
    "modelName": "Book",
    "code": "unknown",
    "message": "Kind: Server selection timeout: No available servers. Topology: { Type: ReplicaSetNoPrimary, Set Name: atlas-12tgik-shard-0, Servers: [ { Address: ac-kezlqjt-shard-00-00.gwixi9s.mongodb.net:27017, Type: Unknown, Error: Kind: I/O error: received fatal alert: InternalError, labels: {}, source: None }, { Address: ac-kezlqjt-shard-00-01.gwixi9s.mongodb.net:27017, Type: Unknown, Error: Kind: I/O error: received fatal alert: InternalError, labels: {}, source: None }, { Address: ac-kezlqjt-shard-00-02.gwixi9s.mongodb.net:27017, Type: Unknown, Error: Kind: I/O error: received fatal alert: InternalError, labels: {}, source: None } ] }, labels: {}, source: None"
  },
  "clientVersion": "6.19.0",
  "name": "PrismaClientKnownRequestError"
}
